<?xml version="1.0" encoding="UTF-8"?>
<testsuite name="Sample SOAP Project Core.TestSuite" tests="4" failures="4" errors="0" time="5.869"><properties>
[...]
</properties><testcase name="Simple Login and Logout w. Properties Steps" time="2.486"><failure type="Cancelling due to failed test step" message="Cancelling due to failed test step"><![CDATA[<h3><b>Test Request - login Failed</b></h3><pre>org.apache.http.conn.HttpHostConnectException: Connection to http://127.0.0.1:8088 refused
</pre><hr/>]]></failure></testcase><testcase name="Simple Login and Logout Property Expansion" time="1.149"><failure type="Cancelling due to failed test step" message="Cancelling due to failed test step"><![CDATA[<h3><b>Test Request - login Failed</b></h3><pre>org.apache.http.conn.HttpHostConnectException: Connection to http://127.0.0.1:8088 refused
</pre><hr/>]]></failure></testcase><testcase name="Simple Login and Logout and Login Again" time="1.113"><failure type="Cancelling due to failed test step" message="Cancelling due to failed test step"><![CDATA[<h3><b>Test Request - login Failed</b></h3><pre>org.apache.http.conn.HttpHostConnectException: Connection to http://127.0.0.1:8088 refused
</pre><hr/>]]></failure></testcase><testcase name="Simple Search TestCase" time="1.121"><failure type="Cancelling due to failed test step" message="Cancelling due to failed test step"><![CDATA[<h3><b>Test Request - login Failed</b></h3><pre>org.apache.http.conn.HttpHostConnectException: Connection to http://127.0.0.1:8088 refused
</pre><hr/>]]></failure></testcase></testsuite>